['bloq_device.xlsx', 'colocado_biotech.xlsx', 'DRP_device.xlsx', 'forecast_device.xlsx', 'esto_lote_device.xlsx', 'JDA_device.xlsx', 'planning_device.xlsx', 'prod_trans_device.xlsx', 'vendas_device.xlsx']
U1255501 <class 'str'>
20190432A <class 'str'>
1001.0 <class 'numpy.float64'>
U1244147 <class 'str'>
1202189 <class 'str'>
1001.0 <class 'numpy.float64'>
U1244147 <class 'str'>
1202189 <class 'str'>
1001.0 <class 'numpy.float64'>
U1244147 <class 'str'>
1202189 <class 'str'>
1001.0 <class 'numpy.float64'>
U1244147 <class 'str'>
1202189 <class 'str'>
1001.0 <class 'numpy.float64'>
U1244147 <class 'str'>
1202189 <class 'str'>
1001.0 <class 'numpy.float64'>
U1244147 <class 'str'>
1202189 <class 'str'>
1001.0 <class 'numpy.float64'>
U1244147 <class 'str'>
1202189 <class 'str'>
1001.0 <class 'numpy.float64'>
U1244147 <class 'str'>
1202189 <class 'str'>
1001.0 <class 'numpy.float64'>
U1244147 <class 'str'>
1202189 <class 'str'>
1001.0 <class 'numpy.float64'>
U1244147 <class 'str'>
1202189 <class 'str'>
1001.0 <class 'numpy.float64'>
U1244147 <class 'str'>
1202189 <class 'str'>
1001.0 <class 'numpy.float64'>
U1244147 <class 'str'>
1202189 <class 'str'>
1001.0 <class 'numpy.float64'>
U1244147 <class 'str'>
1202189 <class 'str'>
1001.0 <class 'numpy.float64'>
U1244147 <class 'str'>
1202189 <class 'str'>
1001.0 <class 'numpy.float64'>
U1244147 <class 'str'>
1202189 <class 'str'>
1001.0 <class 'numpy.float64'>
U1244147 <class 'str'>
1202189 <class 'str'>
1001.0 <class 'numpy.float64'>
U1244147 <class 'str'>
1202189 <class 'str'>
1001.0 <class 'numpy.float64'>
U1244147 <class 'str'>
1202189 <class 'str'>
1001.0 <class 'numpy.float64'>
U1244147 <class 'str'>
1202189 <class 'str'>
1001.0 <class 'numpy.float64'>
U1244147 <class 'str'>
1202189 <class 'str'>
1001.0 <class 'numpy.float64'>
U1244147 <class 'str'>
1202189 <class 'str'>
1001.0 <class 'numpy.float64'>
U1244147 <class 'str'>
1202189 <class 'str'>
1001.0 <class 'numpy.float64'>
U1244147 <class 'str'>
1202189 <class 'str'>
1001.0 <class 'numpy.float64'>
U1244147 <class 'str'>
1202189 <class 'str'>
1001.0 <class 'numpy.float64'>
U1244131 <class 'str'>
20M07G871A <class 'str'>
1001.0 <class 'numpy.float64'>
U1244131 <class 'str'>
20M07G871A <class 'str'>
1001.0 <class 'numpy.float64'>
U1244131 <class 'str'>
20M07G871A <class 'str'>
1001.0 <class 'numpy.float64'>
U1244131 <class 'str'>
20M07G871A <class 'str'>
1001.0 <class 'numpy.float64'>
U1244131 <class 'str'>
20M07G871A <class 'str'>
1001.0 <class 'numpy.float64'>
U1244131 <class 'str'>
20M07G871A <class 'str'>
1001.0 <class 'numpy.float64'>
U1244131 <class 'str'>
20M07G871A <class 'str'>
1001.0 <class 'numpy.float64'>
U1244131 <class 'str'>
20M07G871A <class 'str'>
1001.0 <class 'numpy.float64'>
U1244131 <class 'str'>
20M07G871A <class 'str'>
1001.0 <class 'numpy.float64'>
U1244131 <class 'str'>
20M07G871A <class 'str'>
1001.0 <class 'numpy.float64'>
U1244131 <class 'str'>
20M07G871A <class 'str'>
1001.0 <class 'numpy.float64'>
U1244131 <class 'str'>
20M07G871A <class 'str'>
1001.0 <class 'numpy.float64'>
U1244003 <class 'str'>
A0022947A <class 'str'>
1001.0 <class 'numpy.float64'>
U1222240 <class 'str'>
A0028005A <class 'str'>
1001.0 <class 'numpy.float64'>
U1222240 <class 'str'>
A0028005A <class 'str'>
1001.0 <class 'numpy.float64'>
U1222240 <class 'str'>
A0028005A <class 'str'>
1001.0 <class 'numpy.float64'>
U1222240 <class 'str'>
A0028005A <class 'str'>
1001.0 <class 'numpy.float64'>
U1222240 <class 'str'>
A0028005A <class 'str'>
1001.0 <class 'numpy.float64'>
U1222240 <class 'str'>
A0028005A <class 'str'>
1001.0 <class 'numpy.float64'>
U1222240 <class 'str'>
A0028005A <class 'str'>
1001.0 <class 'numpy.float64'>
U1222240 <class 'str'>
A0028005A <class 'str'>
1001.0 <class 'numpy.float64'>
U1222240 <class 'str'>
A0028005A <class 'str'>
1001.0 <class 'numpy.float64'>
U1222240 <class 'str'>
A0028005A <class 'str'>
1001.0 <class 'numpy.float64'>
U1222240 <class 'str'>
A0028005A <class 'str'>
1001.0 <class 'numpy.float64'>
U1222240 <class 'str'>
A0028005A <class 'str'>
1001.0 <class 'numpy.float64'>
U1222240 <class 'str'>
A0028005A <class 'str'>
1001.0 <class 'numpy.float64'>
U1222240 <class 'str'>
A0028005A <class 'str'>
1001.0 <class 'numpy.float64'>
U1222240 <class 'str'>
A0028005A <class 'str'>
1001.0 <class 'numpy.float64'>
U1222240 <class 'str'>
A0028005A <class 'str'>
1001.0 <class 'numpy.float64'>
U1222240 <class 'str'>
A0028005A <class 'str'>
1001.0 <class 'numpy.float64'>
U1222240 <class 'str'>
A0028005A <class 'str'>
1001.0 <class 'numpy.float64'>
U1222239 <class 'str'>
A0027987A <class 'str'>
1001.0 <class 'numpy.float64'>
U1222239 <class 'str'>
A0027987A <class 'str'>
1001.0 <class 'numpy.float64'>
U1222239 <class 'str'>
A0027987A <class 'str'>
1001.0 <class 'numpy.float64'>
U1222239 <class 'str'>
A0027987A <class 'str'>
1001.0 <class 'numpy.float64'>
U1222239 <class 'str'>
A0027987A <class 'str'>
1001.0 <class 'numpy.float64'>
U1222239 <class 'str'>
A0027987A <class 'str'>
1001.0 <class 'numpy.float64'>
U1222239 <class 'str'>
A0027987A <class 'str'>
1001.0 <class 'numpy.float64'>
U1222239 <class 'str'>
A0027987A <class 'str'>
1001.0 <class 'numpy.float64'>
U1222239 <class 'str'>
A0027987A <class 'str'>
1001.0 <class 'numpy.float64'>
U1222239 <class 'str'>
A0027987A <class 'str'>
1001.0 <class 'numpy.float64'>
U1222239 <class 'str'>
A0027987A <class 'str'>
1001.0 <class 'numpy.float64'>
U1222238 <class 'str'>
A0026596A <class 'str'>
1001.0 <class 'numpy.float64'>
U1211216 <class 'str'>
AU034044A <class 'str'>
1001.0 <class 'numpy.float64'>
U1211136 <class 'str'>
A0026892A <class 'str'>
1001.0 <class 'numpy.float64'>
U1211136 <class 'str'>
A0026892A <class 'str'>
1001.0 <class 'numpy.float64'>
U1211136 <class 'str'>
A0026892A <class 'str'>
1001.0 <class 'numpy.float64'>
U1211136 <class 'str'>
A0026892A <class 'str'>
1001.0 <class 'numpy.float64'>
U1211136 <class 'str'>
A0026892A <class 'str'>
1001.0 <class 'numpy.float64'>
U1211136 <class 'str'>
A0026892A <class 'str'>
1001.0 <class 'numpy.float64'>
U1211136 <class 'str'>
A0026892A <class 'str'>
1001.0 <class 'numpy.float64'>
U1211136 <class 'str'>
A0026892A <class 'str'>
1001.0 <class 'numpy.float64'>
U1211136 <class 'str'>
A0026892A <class 'str'>
1001.0 <class 'numpy.float64'>
U0S67000 <class 'str'>
431932A <class 'str'>
1001.0 <class 'numpy.float64'>
U0091005 <class 'str'>
UPN131805 <class 'str'>
1001.0 <class 'numpy.float64'>
U0091005 <class 'str'>
UPN131805 <class 'str'>
1001.0 <class 'numpy.float64'>
U0091005 <class 'str'>
UPN131805 <class 'str'>
1001.0 <class 'numpy.float64'>
U0091005 <class 'str'>
UPN131805 <class 'str'>
1001.0 <class 'numpy.float64'>
U0091005 <class 'str'>
UPN131805 <class 'str'>
1001.0 <class 'numpy.float64'>
U0091005 <class 'str'>
UPN131805 <class 'str'>
1001.0 <class 'numpy.float64'>
nan <class 'float'>
nan <class 'float'>
nan <class 'numpy.float64'>
{'20190432A': '1001.0'}
{'1202189': '1001.0'}
{'20M07G871A': '1001.0'}
{'A0022947A': '1001.0'}
{'A0028005A': '1001.0'}
{'A0027987A': '1001.0'}
{'A0026596A': '1001.0'}
{'AU034044A': '1001.0'}
{'A0026892A': '1001.0'}
{'431932A': '1001.0'}
{'UPN131805': '1001.0'}
{nan: 'nan'}
K: U0091005
K: U1211216
K: FC010014
K: U1222239
K: U6722305
K: U1222240
K: U1222238
K: U1211136
K: U1211338
K: U1211320
K: U1262017
K: U6744008
K: U6744007
K: U1262018
K: U1262015
K: U1262014
K: U1244003
K: U0S67000
K: U1244131
K: U1255501
K: U6755505
K: U1244147
K: FCBY0002
K: nan
0.0
<class 'str'>
False
BR01
0.0
<class 'str'>
False
BR01
{}
0.0
<class 'str'>
False
BR08
0.0
<class 'str'>
False
BR01
6.0
<class 'str'>
False
BR01
4.0
<class 'str'>
False
BR01
{}
4.0
<class 'str'>
False
BR01
4.0
<class 'str'>
False
BR01
0.0
<class 'str'>
False
BR08
0.0
<class 'str'>
False
BR01
0.0
<class 'str'>
False
BR01
4.0
<class 'str'>
False
BR01
{}
0.0
<class 'str'>
False
BR08
0.0
<class 'str'>
False
BR01
0.0
<class 'str'>
False
BR01
0.0
<class 'str'>
False
BR08
0.0
<class 'str'>
False
BR08
0.0
<class 'str'>
False
BR01
0.0
<class 'str'>
False
BR01
0.0
<class 'str'>
False
BR01
0.0
<class 'str'>
False
BR01
0.0
<class 'str'>
False
BR01
0.0
<class 'str'>
False
BR01
0.0
<class 'str'>
False
BR01
0.0
<class 'str'>
False
BR01
0.0
<class 'str'>
False
BR01
0.0
<class 'str'>
False
BR01
0.0
<class 'str'>
False
BR01
0.0
<class 'str'>
False
BR01
0.0
<class 'str'>
False
BR01
0.0
<class 'str'>
False
BR01
0.0
<class 'str'>
False
BR01
0.0
<class 'str'>
False
BR01
4.0
<class 'str'>
False
BR01
0.0
<class 'str'>
False
BR01
0.0
<class 'str'>
False
BR01
0.0
<class 'str'>
False
BR01
0.0
<class 'str'>
False
BR08
0.0
<class 'str'>
False
BR08
0.0
<class 'str'>
False
BR01
0.0
<class 'str'>
False
BR01
0.0
<class 'str'>
False
BR01
0.0
<class 'str'>
False
BR08
0.0
<class 'str'>
False
BR08
0.0
<class 'str'>
False
BR01
0.0
<class 'str'>
False
BR01
0.0
<class 'str'>
False
BR08
0.0
<class 'str'>
False
BR01
0.0
<class 'str'>
False
BR01
0.0
<class 'str'>
False
BR08
0.0
<class 'str'>
False
BR01
0.0
<class 'str'>
False
BR01
4.0
<class 'str'>
False
BR01
0.0
<class 'str'>
False
BR01
0.0
<class 'str'>
False
BR01
{}
0.0
<class 'str'>
False
BR01
